14:28:31 **** Incremental Build of configuration Debug for project TM1637-Driver ****
make -j4 all 
arm-none-eabi-gcc "../Drivers/bsp/trace/Trace.c" -mcpu=cortex-m3 -std=gnu11 -g3 -DUSE_HAL_DRIVER -DSTM32F103xB -DDEBUG -c -I../Drivers/STM32F1xx_HAL_Driver/Inc -I../Drivers/STM32F1xx_HAL_Driver/Inc/Legacy -I../Drivers/CMSIS/Device/ST/STM32F1xx/Include -I../Drivers/CMSIS/Include -O0 -ffunction-sections -fdata-sections -Wall -fstack-usage -MMD -MP -MF"Drivers/bsp/trace/Trace.d" -MT"Drivers/bsp/trace/Trace.o" --specs=nano.specs -mfloat-abi=soft -mthumb -o "Drivers/bsp/trace/Trace.o"
arm-none-eabi-gcc "../Drivers/bsp/trace/trace_impl.c" -mcpu=cortex-m3 -std=gnu11 -g3 -DUSE_HAL_DRIVER -DSTM32F103xB -DDEBUG -c -I../Drivers/STM32F1xx_HAL_Driver/Inc -I../Drivers/STM32F1xx_HAL_Driver/Inc/Legacy -I../Drivers/CMSIS/Device/ST/STM32F1xx/Include -I../Drivers/CMSIS/Include -O0 -ffunction-sections -fdata-sections -Wall -fstack-usage -MMD -MP -MF"Drivers/bsp/trace/trace_impl.d" -MT"Drivers/bsp/trace/trace_impl.o" --specs=nano.specs -mfloat-abi=soft -mthumb -o "Drivers/bsp/trace/trace_impl.o"
arm-none-eabi-gcc "../Drivers/bsp/tft_pcd8544/stm32f1_pcd8544.c" -mcpu=cortex-m3 -std=gnu11 -g3 -DUSE_HAL_DRIVER -DSTM32F103xB -DDEBUG -c -I../Drivers/STM32F1xx_HAL_Driver/Inc -I../Drivers/STM32F1xx_HAL_Driver/Inc/Legacy -I../Drivers/CMSIS/Device/ST/STM32F1xx/Include -I../Drivers/CMSIS/Include -O0 -ffunction-sections -fdata-sections -Wall -fstack-usage -MMD -MP -MF"Drivers/bsp/tft_pcd8544/stm32f1_pcd8544.d" -MT"Drivers/bsp/tft_pcd8544/stm32f1_pcd8544.o" --specs=nano.specs -mfloat-abi=soft -mthumb -o "Drivers/bsp/tft_pcd8544/stm32f1_pcd8544.o"
arm-none-eabi-gcc "../Drivers/bsp/tft_ili9341/stm32f1_fonts.c" -mcpu=cortex-m3 -std=gnu11 -g3 -DUSE_HAL_DRIVER -DSTM32F103xB -DDEBUG -c -I../Drivers/STM32F1xx_HAL_Driver/Inc -I../Drivers/STM32F1xx_HAL_Driver/Inc/Legacy -I../Drivers/CMSIS/Device/ST/STM32F1xx/Include -I../Drivers/CMSIS/Include -O0 -ffunction-sections -fdata-sections -Wall -fstack-usage -MMD -MP -MF"Drivers/bsp/tft_ili9341/stm32f1_fonts.d" -MT"Drivers/bsp/tft_ili9341/stm32f1_fonts.o" --specs=nano.specs -mfloat-abi=soft -mthumb -o "Drivers/bsp/tft_ili9341/stm32f1_fonts.o"
In file included from ../Drivers/bsp/tft_ili9341/stm32f1_fonts.c:19:
../Drivers/bsp/tft_ili9341/stm32f1_fonts.h:38:10: fatal error: config.h: No such file or directory
   38 | #include "config.h"
      |          ^~~~~~~~~~
../Drivers/bsp/trace/trace_impl.c:7:10: fatal error: config.h: No such file or directory
    7 | #include "config.h"
      |          ^~~~~~~~~~
../Drivers/bsp/trace/Trace.c:7:10: fatal error: config.h: No such file or directory
    7 | #include "config.h"
      |          ^~~~~~~~~~
../Drivers/bsp/tft_pcd8544/stm32f1_pcd8544.c:19:10: fatal error: config.h: No such file or directory
   19 | #include "config.h"
      |          ^~~~~~~~~~
compilation terminated.
compilation terminated.
compilation terminated.
compilation terminated.
make: *** [Drivers/bsp/trace/subdir.mk:22: Drivers/bsp/trace/Trace.o] Error 1
make: *** Waiting for unfinished jobs....
make: *** [Drivers/bsp/trace/subdir.mk:24: Drivers/bsp/trace/trace_impl.o] Error 1
make: *** [Drivers/bsp/tft_ili9341/subdir.mk:25: Drivers/bsp/tft_ili9341/stm32f1_fonts.o] Error 1
make: *** [Drivers/bsp/tft_pcd8544/subdir.mk:19: Drivers/bsp/tft_pcd8544/stm32f1_pcd8544.o] Error 1
"make -j4 all" terminated with exit code 2. Build might be incomplete.

14:28:34 Build Failed. 9 errors, 0 warnings. (took 2s.305ms)

